app/build/intermediates/manifest_merge_blame_file/debug/manifest-merger-blame-debug-report.txt
1<?xml version="1.0" encoding="utf-8"?>
2<manifest xmlns:android="http://schemas.android.com/apk/res/android"
3    package="com.example.androidattendancesystem"
4    android:versionCode="1"
5    android:versionName="1.0" >
6
7    <uses-sdk
8        android:minSdkVersion="14"
8-->src\main\AndroidManifest.xml
9        android:targetSdkVersion="26" />
9-->src\main\AndroidManifest.xml
10
11    <uses-permission android:name="android.permission.CALL_PHONE" />
11-->src\main\AndroidManifest.xml:7:5-68
11-->src\main\AndroidManifest.xml:7:22-66
12    <uses-permission android:name="android.permission.READ_PHONE_STATE" />
12-->src\main\AndroidManifest.xml:8:5-75
12-->src\main\AndroidManifest.xml:8:22-72
13
14    <application
14-->src\main\AndroidManifest.xml:10:5-64:19
15        android:name="com.android.attendance.context.ApplicationContext"
15-->src\main\AndroidManifest.xml:11:9-73
16        android:allowBackup="true"
16-->src\main\AndroidManifest.xml:12:9-35
17        android:debuggable="true"
18        android:icon="@drawable/ic_launcher"
18-->src\main\AndroidManifest.xml:13:9-45
19        android:label="VIT Attendance System"
19-->src\main\AndroidManifest.xml:14:9-46
20        android:theme="@style/AppTheme" >
20-->src\main\AndroidManifest.xml:15:9-40
21        <activity
21-->src\main\AndroidManifest.xml:16:9-24:20
22            android:name="com.android.attendance.activity.MainActivity"
22-->src\main\AndroidManifest.xml:17:13-72
23            android:label="@string/app_name" >
23-->src\main\AndroidManifest.xml:18:13-45
24            <intent-filter>
24-->src\main\AndroidManifest.xml:19:13-23:29
25                <action android:name="android.intent.action.MAIN" />
25-->src\main\AndroidManifest.xml:20:17-69
25-->src\main\AndroidManifest.xml:20:25-66
26
27                <category android:name="android.intent.category.LAUNCHER" />
27-->src\main\AndroidManifest.xml:22:17-77
27-->src\main\AndroidManifest.xml:22:27-74
28            </intent-filter>
29        </activity>
30        <activity
30-->src\main\AndroidManifest.xml:25:9-27:48
31            android:name="com.android.attendance.activity.LoginActivity"
31-->src\main\AndroidManifest.xml:26:13-73
32            android:label="@string/app_name" />
32-->src\main\AndroidManifest.xml:27:13-45
33        <activity
33-->src\main\AndroidManifest.xml:28:9-30:48
34            android:name="com.android.attendance.activity.MenuActivity"
34-->src\main\AndroidManifest.xml:29:13-72
35            android:label="@string/app_name" />
35-->src\main\AndroidManifest.xml:30:13-45
36        <activity
36-->src\main\AndroidManifest.xml:31:9-33:48
37            android:name="com.android.attendance.activity.AddFacultyActivity"
37-->src\main\AndroidManifest.xml:32:13-78
38            android:label="@string/app_name" />
38-->src\main\AndroidManifest.xml:33:13-45
39        <activity
39-->src\main\AndroidManifest.xml:34:9-36:48
40            android:name="com.android.attendance.activity.AddStudentActivity"
40-->src\main\AndroidManifest.xml:35:13-78
41            android:label="@string/app_name" />
41-->src\main\AndroidManifest.xml:36:13-45
42        <activity
42-->src\main\AndroidManifest.xml:37:9-39:48
43            android:name="com.android.attendance.activity.DelStudentActivity"
43-->src\main\AndroidManifest.xml:38:13-78
44            android:label="@string/app_name" />
44-->src\main\AndroidManifest.xml:39:13-45
45        <activity
45-->src\main\AndroidManifest.xml:40:9-42:48
46            android:name="com.android.attendance.activity.ViewFacultyActivity"
46-->src\main\AndroidManifest.xml:41:13-79
47            android:label="@string/app_name" />
47-->src\main\AndroidManifest.xml:42:13-45
48        <activity
48-->src\main\AndroidManifest.xml:43:9-45:48
49            android:name="com.android.attendance.activity.ViewStudentActivity"
49-->src\main\AndroidManifest.xml:44:13-79
50            android:label="@string/app_name" />
50-->src\main\AndroidManifest.xml:45:13-45
51        <activity
51-->src\main\AndroidManifest.xml:46:9-48:48
52            android:name="com.android.attendance.activity.TestActivity"
52-->src\main\AndroidManifest.xml:47:13-72
53            android:label="@string/app_name" />
53-->src\main\AndroidManifest.xml:48:13-45
54        <activity
54-->src\main\AndroidManifest.xml:49:9-51:48
55            android:name="com.android.attendance.activity.ViewStudentByBranchYear"
55-->src\main\AndroidManifest.xml:50:13-83
56            android:label="@string/app_name" />
56-->src\main\AndroidManifest.xml:51:13-45
57        <activity
57-->src\main\AndroidManifest.xml:52:9-54:48
58            android:name="com.android.attendance.activity.AddAttandanceSessionActivity"
58-->src\main\AndroidManifest.xml:53:13-88
59            android:label="@string/app_name" />
59-->src\main\AndroidManifest.xml:54:13-45
60        <activity
60-->src\main\AndroidManifest.xml:55:9-57:48
61            android:name="com.android.attendance.activity.AddAttendanceActivity"
61-->src\main\AndroidManifest.xml:56:13-81
62            android:label="@string/app_name" />
62-->src\main\AndroidManifest.xml:57:13-45
63        <activity
63-->src\main\AndroidManifest.xml:58:9-60:48
64            android:name="com.android.attendance.activity.ViewAttendanceByFacultyActivity"
64-->src\main\AndroidManifest.xml:59:13-91
65            android:label="@string/app_name" />
65-->src\main\AndroidManifest.xml:60:13-45
66        <activity
66-->src\main\AndroidManifest.xml:61:9-63:48
67            android:name="com.android.attendance.activity.ViewAttendancePerStudentActivity"
67-->src\main\AndroidManifest.xml:62:13-92
68            android:label="@string/app_name" />
68-->src\main\AndroidManifest.xml:63:13-45
69
70        <meta-data
70-->[com.android.support:appcompat-v7:26.1.0] AndroidManifest.xml:26:9-28:38
71            android:name="android.support.VERSION"
71-->[com.android.support:appcompat-v7:26.1.0] AndroidManifest.xml:27:13-51
72            android:value="26.1.0" />
72-->[com.android.support:appcompat-v7:26.1.0] AndroidManifest.xml:28:13-35
73        <meta-data
73-->[android.arch.lifecycle:runtime:1.0.0] AndroidManifest.xml:25:9-27:47
74            android:name="android.arch.lifecycle.VERSION"
74-->[android.arch.lifecycle:runtime:1.0.0] AndroidManifest.xml:26:13-58
75            android:value="27.0.0-SNAPSHOT" />
75-->[android.arch.lifecycle:runtime:1.0.0] AndroidManifest.xml:27:13-44
76    </application>
77
78</manifest>